<?xml version="1.0" encoding="UTF-8"?>
<testsuite failures="0" skip="0" tests="1" name="Acceptance" errors="0">
<testcase classname="Acceptance.Test Case 1" name="TC_001 Browser Start and Close" time="11">
</testcase>
</testsuite>
